<?xml version="1.0" encoding="UTF-8"?>
<testsuite xmlns:xsi="http://www.w3.org/2001/XMLSchema-instance" xsi:noNamespaceSchemaLocation="https://maven.apache.org/surefire/maven-surefire-plugin/xsd/surefire-test-report-3.0.xsd" version="3.0" name="sorting.test.variationsOfBubblesort.BidirectionalBubbleSortTest" time="0.005" tests="11" errors="0" skipped="0" failures="0">
  <properties>
    <property name="java.specification.version" value="17"/>
    <property name="sun.jnu.encoding" value="UTF-8"/>
    <property name="java.class.path" value="/home/jose.ryan.santos.de.melo/p3/leda/roteiro-01/R01-01-Rot-SimpleSorting-Bidirectional-Bubble-environment/target/test-classes:/home/jose.ryan.santos.de.melo/p3/leda/roteiro-01/R01-01-Rot-SimpleSorting-Bidirectional-Bubble-environment/target/classes:/home/jose.ryan.santos.de.melo/.m2/repository/junit/junit/4.13.1/junit-4.13.1.jar:/home/jose.ryan.santos.de.melo/.m2/repository/org/hamcrest/hamcrest-core/1.3/hamcrest-core-1.3.jar:"/>
    <property name="java.vm.vendor" value="Ubuntu"/>
    <property name="sun.arch.data.model" value="64"/>
    <property name="java.vendor.url" value="https://ubuntu.com/"/>
    <property name="os.name" value="Linux"/>
    <property name="java.vm.specification.version" value="17"/>
    <property name="sun.java.launcher" value="SUN_STANDARD"/>
    <property name="user.country" value="BR"/>
    <property name="sun.boot.library.path" value="/usr/lib/jvm/java-17-openjdk-amd64/lib"/>
    <property name="sun.java.command" value="/home/jose.ryan.santos.de.melo/p3/leda/roteiro-01/R01-01-Rot-SimpleSorting-Bidirectional-Bubble-environment/target/surefire/surefirebooter-20250627145056818_3.jar /home/jose.ryan.santos.de.melo/p3/leda/roteiro-01/R01-01-Rot-SimpleSorting-Bidirectional-Bubble-environment/target/surefire 2025-06-27T14-50-56_570-jvmRun1 surefire-20250627145056818_1tmp surefire_0-20250627145056818_2tmp"/>
    <property name="jdk.debug" value="release"/>
    <property name="surefire.test.class.path" value="/home/jose.ryan.santos.de.melo/p3/leda/roteiro-01/R01-01-Rot-SimpleSorting-Bidirectional-Bubble-environment/target/test-classes:/home/jose.ryan.santos.de.melo/p3/leda/roteiro-01/R01-01-Rot-SimpleSorting-Bidirectional-Bubble-environment/target/classes:/home/jose.ryan.santos.de.melo/.m2/repository/junit/junit/4.13.1/junit-4.13.1.jar:/home/jose.ryan.santos.de.melo/.m2/repository/org/hamcrest/hamcrest-core/1.3/hamcrest-core-1.3.jar:"/>
    <property name="sun.cpu.endian" value="little"/>
    <property name="user.home" value="/home/jose.ryan.santos.de.melo"/>
    <property name="user.language" value="pt"/>
    <property name="java.specification.vendor" value="Oracle Corporation"/>
    <property name="java.version.date" value="2025-01-21"/>
    <property name="java.home" value="/usr/lib/jvm/java-17-openjdk-amd64"/>
    <property name="file.separator" value="/"/>
    <property name="basedir" value="/home/jose.ryan.santos.de.melo/p3/leda/roteiro-01/R01-01-Rot-SimpleSorting-Bidirectional-Bubble-environment"/>
    <property name="java.vm.compressedOopsMode" value="32-bit"/>
    <property name="line.separator" value="&#10;"/>
    <property name="java.vm.specification.vendor" value="Oracle Corporation"/>
    <property name="java.specification.name" value="Java Platform API Specification"/>
    <property name="surefire.real.class.path" value="/home/jose.ryan.santos.de.melo/p3/leda/roteiro-01/R01-01-Rot-SimpleSorting-Bidirectional-Bubble-environment/target/surefire/surefirebooter-20250627145056818_3.jar"/>
    <property name="sun.management.compiler" value="HotSpot 64-Bit Tiered Compilers"/>
    <property name="java.runtime.version" value="17.0.14+7-Ubuntu-124.04"/>
    <property name="user.name" value="jose.ryan.santos.de.melo"/>
    <property name="path.separator" value=":"/>
    <property name="os.version" value="6.8.0-59-generic"/>
    <property name="java.runtime.name" value="OpenJDK Runtime Environment"/>
    <property name="file.encoding" value="UTF-8"/>
    <property name="java.vm.name" value="OpenJDK 64-Bit Server VM"/>
    <property name="localRepository" value="/home/jose.ryan.santos.de.melo/.m2/repository"/>
    <property name="java.vendor.url.bug" value="https://bugs.launchpad.net/ubuntu/+source/openjdk-17"/>
    <property name="java.io.tmpdir" value="/tmp"/>
    <property name="java.version" value="17.0.14"/>
    <property name="user.dir" value="/home/jose.ryan.santos.de.melo/p3/leda/roteiro-01/R01-01-Rot-SimpleSorting-Bidirectional-Bubble-environment"/>
    <property name="os.arch" value="amd64"/>
    <property name="java.vm.specification.name" value="Java Virtual Machine Specification"/>
    <property name="native.encoding" value="UTF-8"/>
    <property name="java.library.path" value="/usr/java/packages/lib:/usr/lib/x86_64-linux-gnu/jni:/lib/x86_64-linux-gnu:/usr/lib/x86_64-linux-gnu:/usr/lib/jni:/lib:/usr/lib"/>
    <property name="java.vm.info" value="mixed mode, sharing"/>
    <property name="java.vendor" value="Ubuntu"/>
    <property name="java.vm.version" value="17.0.14+7-Ubuntu-124.04"/>
    <property name="java.specification.maintenance.version" value="1"/>
    <property name="sun.io.unicode.encoding" value="UnicodeLittle"/>
    <property name="java.class.version" value="61.0"/>
  </properties>
  <testcase name="testNormalVetorDulicata" classname="sorting.test.variationsOfBubblesort.BidirectionalBubbleSortTest" time="0.0"/>
  <testcase name="testNormalVetorTamanhoUm" classname="sorting.test.variationsOfBubblesort.BidirectionalBubbleSortTest" time="0.0"/>
  <testcase name="testNormalVetorPar" classname="sorting.test.variationsOfBubblesort.BidirectionalBubbleSortTest" time="0.0"/>
  <testcase name="testNormalVetorComValoresNegativos" classname="sorting.test.variationsOfBubblesort.BidirectionalBubbleSortTest" time="0.0"/>
  <testcase name="testNormalVetorImpar" classname="sorting.test.variationsOfBubblesort.BidirectionalBubbleSortTest" time="0.0"/>
  <testcase name="testNormalVetorVazio" classname="sorting.test.variationsOfBubblesort.BidirectionalBubbleSortTest" time="0.0"/>
  <testcase name="testNormalVetorRepetido" classname="sorting.test.variationsOfBubblesort.BidirectionalBubbleSortTest" time="0.0"/>
  <testcase name="testNormalVetorTamanhoDois" classname="sorting.test.variationsOfBubblesort.BidirectionalBubbleSortTest" time="0.0"/>
  <testcase name="testNormalVetorOrdenado" classname="sorting.test.variationsOfBubblesort.BidirectionalBubbleSortTest" time="0.0"/>
  <testcase name="testNormalVetorIguais" classname="sorting.test.variationsOfBubblesort.BidirectionalBubbleSortTest" time="0.0"/>
  <testcase name="testNormalMeioDeArray" classname="sorting.test.variationsOfBubblesort.BidirectionalBubbleSortTest" time="0.0"/>
</testsuite>